Performing C SOURCE FILE Test CMAKE_HAVE_LIBC_PTHREAD failed with the following output:
Change Dir: /home/ran/Documents/Playground/MinkowskiEngine/CMakeFiles/CMakeTmp

Run Build Command(s):/usr/bin/make cmTC_00bb2/fast && /usr/bin/make -f CMakeFiles/cmTC_00bb2.dir/build.make CMakeFiles/cmTC_00bb2.dir/build
make[1]: Entering directory '/home/ran/Documents/Playground/MinkowskiEngine/CMakeFiles/CMakeTmp'
Building C object CMakeFiles/cmTC_00bb2.dir/src.c.o
/usr/bin/cc   -DCMAKE_HAVE_LIBC_PTHREAD   -o CMakeFiles/cmTC_00bb2.dir/src.c.o   -c /home/ran/Documents/Playground/MinkowskiEngine/CMakeFiles/CMakeTmp/src.c
Linking C executable cmTC_00bb2
/home/ran/Programs/clion-2019.3.2/bin/cmake/linux/bin/cmake -E cmake_link_script CMakeFiles/cmTC_00bb2.dir/link.txt --verbose=1
/usr/bin/cc  -DCMAKE_HAVE_LIBC_PTHREAD    CMakeFiles/cmTC_00bb2.dir/src.c.o  -o cmTC_00bb2 
CMakeFiles/cmTC_00bb2.dir/src.c.o: In function `main':
src.c:(.text+0x3e): undefined reference to `pthread_create'
src.c:(.text+0x4a): undefined reference to `pthread_detach'
src.c:(.text+0x5b): undefined reference to `pthread_join'
src.c:(.text+0x6f): undefined reference to `pthread_atfork'
collect2: error: ld returned 1 exit status
CMakeFiles/cmTC_00bb2.dir/build.make:86: recipe for target 'cmTC_00bb2' failed
make[1]: *** [cmTC_00bb2] Error 1
make[1]: Leaving directory '/home/ran/Documents/Playground/MinkowskiEngine/CMakeFiles/CMakeTmp'
Makefile:121: recipe for target 'cmTC_00bb2/fast' failed
make: *** [cmTC_00bb2/fast] Error 2


Source file was:
#include <pthread.h>

void* test_func(void* data)
{
  return data;
}

int main(void)
{
  pthread_t thread;
  pthread_create(&thread, NULL, test_func, NULL);
  pthread_detach(thread);
  pthread_join(thread, NULL);
  pthread_atfork(NULL, NULL, NULL);
  pthread_exit(NULL);

  return 0;
}

Determining if the function pthread_create exists in the pthreads failed with the following output:
Change Dir: /home/ran/Documents/Playground/MinkowskiEngine/CMakeFiles/CMakeTmp

Run Build Command(s):/usr/bin/make cmTC_44822/fast && /usr/bin/make -f CMakeFiles/cmTC_44822.dir/build.make CMakeFiles/cmTC_44822.dir/build
make[1]: Entering directory '/home/ran/Documents/Playground/MinkowskiEngine/CMakeFiles/CMakeTmp'
Building C object CMakeFiles/cmTC_44822.dir/CheckFunctionExists.c.o
/usr/bin/cc   -DCHECK_FUNCTION_EXISTS=pthread_create   -o CMakeFiles/cmTC_44822.dir/CheckFunctionExists.c.o   -c /home/ran/Programs/clion-2019.3.2/bin/cmake/linux/share/cmake-3.15/Modules/CheckFunctionExists.c
Linking C executable cmTC_44822
/home/ran/Programs/clion-2019.3.2/bin/cmake/linux/bin/cmake -E cmake_link_script CMakeFiles/cmTC_44822.dir/link.txt --verbose=1
/usr/bin/cc  -DCHECK_FUNCTION_EXISTS=pthread_create    CMakeFiles/cmTC_44822.dir/CheckFunctionExists.c.o  -o cmTC_44822 -lpthreads 
/usr/bin/ld: cannot find -lpthreads
collect2: error: ld returned 1 exit status
CMakeFiles/cmTC_44822.dir/build.make:86: recipe for target 'cmTC_44822' failed
make[1]: *** [cmTC_44822] Error 1
make[1]: Leaving directory '/home/ran/Documents/Playground/MinkowskiEngine/CMakeFiles/CMakeTmp'
Makefile:121: recipe for target 'cmTC_44822/fast' failed
make: *** [cmTC_44822/fast] Error 2



Determining if the pthread_create exist failed with the following output:
Change Dir: /home/ran/Documents/Playground/MinkowskiEngine/CMakeFiles/CMakeTmp

Run Build Command:"/usr/bin/make" "cmTC_a9e14/fast"
/usr/bin/make -f CMakeFiles/cmTC_a9e14.dir/build.make CMakeFiles/cmTC_a9e14.dir/build
make[1]: Entering directory '/home/ran/Documents/Playground/MinkowskiEngine/CMakeFiles/CMakeTmp'
Building C object CMakeFiles/cmTC_a9e14.dir/CheckSymbolExists.c.o
/usr/bin/cc    -o CMakeFiles/cmTC_a9e14.dir/CheckSymbolExists.c.o   -c /home/ran/Documents/Playground/MinkowskiEngine/CMakeFiles/CMakeTmp/CheckSymbolExists.c
Linking C executable cmTC_a9e14
/usr/bin/cmake -E cmake_link_script CMakeFiles/cmTC_a9e14.dir/link.txt --verbose=1
/usr/bin/cc      CMakeFiles/cmTC_a9e14.dir/CheckSymbolExists.c.o  -o cmTC_a9e14 
CMakeFiles/cmTC_a9e14.dir/CheckSymbolExists.c.o: In function `main':
CheckSymbolExists.c:(.text+0x1b): undefined reference to `pthread_create'
collect2: error: ld returned 1 exit status
CMakeFiles/cmTC_a9e14.dir/build.make:97: recipe for target 'cmTC_a9e14' failed
make[1]: *** [cmTC_a9e14] Error 1
make[1]: Leaving directory '/home/ran/Documents/Playground/MinkowskiEngine/CMakeFiles/CMakeTmp'
Makefile:126: recipe for target 'cmTC_a9e14/fast' failed
make: *** [cmTC_a9e14/fast] Error 2

File /home/ran/Documents/Playground/MinkowskiEngine/CMakeFiles/CMakeTmp/CheckSymbolExists.c:
/* */
#include <pthread.h>

int main(int argc, char** argv)
{
  (void)argv;
#ifndef pthread_create
  return ((int*)(&pthread_create))[argc];
#else
  (void)argc;
  return 0;
#endif
}

